This is pdfTeX, Version 3.1415926-2.5-1.40.14 (TeX Live 2013/Debian) (format=pdflatex 2014.12.13)  9 MAR 2016 11:59
entering extended mode
 \write18 enabled.
 %&-line parsing enabled.
**/home/stepan/projects/tcgp/docs/obsah.tex
(/home/stepan/projects/tcgp/docs/obsah.tex
LaTeX2e <2011/06/27>
Babel <3.9h> and hyphenation patterns for 78 languages loaded.
! Undefined control sequence.
l.4 \chapter
            {Úvod}
? 
! Emergency stop.
l.4 \chapter
            {Úvod}
End of file on the terminal!

 
Here is how much of TeX's memory you used:
 6 strings out of 493304
 219 string characters out of 6139870
 51880 words of memory out of 5000000
 3564 multiletter control sequences out of 15000+600000
 3640 words of font info for 14 fonts, out of 8000000 for 9000
 957 hyphenation exceptions out of 8191
 5i,0n,1p,118b,8s stack positions out of 5000i,500n,10000p,200000b,80000s
!  ==> Fatal error occurred, no output PDF file produced!
